<?xml version="1.0" encoding="UTF-8"?>
<testsuite name="com.gyanly.blog.estore.service.UserServiceTest" tests="2" skipped="0" failures="0" errors="0" timestamp="2022-11-18T05:49:30" hostname="PHOGAT" time="0.414">
  <properties/>
  <testcase name="Empty first name causes correct exception" classname="com.gyanly.blog.estore.service.UserServiceTest" time="0.391"/>
  <testcase name="testCreateUser_whenUserDetailsProvided_returnsUserObject()" classname="com.gyanly.blog.estore.service.UserServiceTest" time="0.022"/>
  <system-out><![CDATA[]]></system-out>
  <system-err><![CDATA[]]></system-err>
</testsuite>
