<?xml version="1.0" encoding="UTF-8"?>
<testsuite name="com.gyanly.blog.estore.service.ProductServiceTest" tests="1" skipped="0" failures="0" errors="0" timestamp="2022-11-18T05:49:30" hostname="PHOGAT" time="0.016">
  <properties/>
  <testcase name="Creating product" classname="com.gyanly.blog.estore.service.ProductServiceTest" time="0.016"/>
  <system-out><![CDATA[]]></system-out>
  <system-err><![CDATA[]]></system-err>
</testsuite>
